<?xml version="1.0" encoding="UTF-8"?>
<!-- Generated by org.testng.reporters.JUnitReportReporter -->
<testsuite hostname="STI-D01-PRAKAS" name="LaunchScript.LaunchScript" tests="1" failures="0" timestamp="12 Sep 2017 07:38:42 GMT" time="24.353" errors="0">
  <testcase name="Launch" time="24.353" classname="LaunchScript.LaunchScript"/>
</testsuite> <!-- LaunchScript.LaunchScript -->
